<?xml version="1.0" encoding="UTF-8"?>
<!-- Generated by org.testng.reporters.JUnitReportReporter -->
<testsuite hostname="DESKTOP-TNMV2Q3" failures="0" tests="1" name="com.StarAgileTestNGdemos.D09KeyDrivenFrameWork" time="1.976" errors="0" timestamp="2024-10-20T22:41:57 IST" skipped="0">
  <testcase classname="com.StarAgileTestNGdemos.D09KeyDrivenFrameWork" name="login" time="1.976"/>
  <system-out/>
</testsuite> <!-- com.StarAgileTestNGdemos.D09KeyDrivenFrameWork -->
