<?xml version="1.0" encoding="UTF-8"?>
<!-- Generated by org.testng.reporters.JUnitReportReporter -->
<testsuite hostname="DESKTOP-TNMV2Q3" failures="0" tests="1" name="com.StarAgileTestNGdemos.D08Parameterization" time="4.380" errors="0" timestamp="2024-10-20T12:03:44 IST" skipped="0">
  <testcase classname="com.StarAgileTestNGdemos.D08Parameterization" name="login" time="4.380"/>
  <system-out/>
</testsuite> <!-- com.StarAgileTestNGdemos.D08Parameterization -->
