<?xml version="1.0" encoding="UTF-8"?>
<!-- Generated by org.testng.reporters.JUnitReportReporter -->
<testsuite hostname="DESKTOP-TNMV2Q3" failures="0" tests="5" name="com.StarAgileTestNGdemos.D06DataDrivenTesting" time="15.293" errors="0" timestamp="2024-10-18T18:27:11 IST" skipped="0">
  <testcase classname="com.StarAgileTestNGdemos.D06DataDrivenTesting" name="logIn" time="2.051"/>
  <system-out/>
  <testcase classname="com.StarAgileTestNGdemos.D06DataDrivenTesting" name="logIn" time="1.999"/>
  <system-out/>
  <testcase classname="com.StarAgileTestNGdemos.D06DataDrivenTesting" name="logIn" time="1.724"/>
  <system-out/>
  <testcase classname="com.StarAgileTestNGdemos.D06DataDrivenTesting" name="logIn" time="4.788"/>
  <system-out/>
  <testcase classname="com.StarAgileTestNGdemos.D06DataDrivenTesting" name="logIn" time="4.731"/>
  <system-out/>
</testsuite> <!-- com.StarAgileTestNGdemos.D06DataDrivenTesting -->
