<?xml version="1.0" encoding="UTF-8"?>
<!-- Generated by org.testng.reporters.JUnitReportReporter -->
<testsuite hostname="DESKTOP-TNMV2Q3" failures="0" tests="2" name="com.TestNGdemos.D13ReadDataFromExcel" time="0.021" errors="0" timestamp="2024-08-30T16:05:54 IST" skipped="1">
  <testcase classname="com.TestNGdemos.D13ReadDataFromExcel" name="ReadAllData" time="0.021"/>
  <system-out/>
  <testcase classname="com.TestNGdemos.D13ReadDataFromExcel" name="ReadData">
    <skipped/>
  </testcase> <!-- ReadData -->
  <system-out/>
</testsuite> <!-- com.TestNGdemos.D13ReadDataFromExcel -->
