<?xml version="1.0" encoding="UTF-8"?>
<!-- Generated by org.testng.reporters.JUnitReportReporter -->
<testsuite hostname="DESKTOP-TNMV2Q3" failures="0" tests="1" name="com.StarAgileTestNGdemos.D10POMTestAutomation" time="5.095" errors="0" timestamp="2024-10-28T15:36:44 IST" skipped="0">
  <testcase classname="com.StarAgileTestNGdemos.D10POMTestAutomation" name="login" time="5.095"/>
  <system-out/>
</testsuite> <!-- com.StarAgileTestNGdemos.D10POMTestAutomation -->
