<?xml version="1.0" encoding="UTF-8"?>
<!-- Generated by org.testng.reporters.JUnitReportReporter -->
<testsuite hostname="DESKTOP-TNMV2Q3" failures="0" tests="3" name="com.AssignmentsStarAgile.A09_OHrmLogin" time="7.177" errors="0" timestamp="2024-10-17T19:34:40 IST" skipped="0">
  <testcase classname="com.AssignmentsStarAgile.A09_OHrmLogin" name="login1" time="1.115"/>
  <system-out/>
  <testcase classname="com.AssignmentsStarAgile.A09_OHrmLogin" name="login2" time="1.627"/>
  <system-out/>
  <testcase classname="com.AssignmentsStarAgile.A09_OHrmLogin" name="login3" time="4.435"/>
  <system-out/>
</testsuite> <!-- com.AssignmentsStarAgile.A09_OHrmLogin -->
