<?xml version="1.0" encoding="UTF-8"?>
<!-- Generated by org.testng.reporters.JUnitReportReporter -->
<testsuite hostname="DESKTOP-TNMV2Q3" failures="0" tests="3" name="com.StarAgileTestNGdemos.D05AmazonAssignment" time="21.249" errors="0" timestamp="2024-10-19T18:01:52 IST" skipped="1">
  <testcase classname="com.StarAgileTestNGdemos.D05AmazonAssignment" name="testMxPlayer" time="17.879"/>
  <system-out/>
  <testcase classname="com.StarAgileTestNGdemos.D05AmazonAssignment" name="testsell" time="3.370"/>
  <system-out/>
  <testcase classname="com.StarAgileTestNGdemos.D05AmazonAssignment" name="testBuyAgain">
    <skipped/>
  </testcase> <!-- testBuyAgain -->
  <system-out/>
</testsuite> <!-- com.StarAgileTestNGdemos.D05AmazonAssignment -->
