<?xml version="1.0" encoding="UTF-8"?>
<!-- Generated by org.testng.reporters.JUnitReportReporter -->
<testsuite hostname="DESKTOP-TNMV2Q3" failures="0" tests="1" name="com.StarAgileTestNGdemos.D10POMTestAutomation" time="3.698" errors="0" timestamp="2024-10-20T23:30:34 IST" skipped="0">
  <testcase classname="com.StarAgileTestNGdemos.D10POMTestAutomation" name="login" time="3.698"/>
  <system-out/>
</testsuite> <!-- com.StarAgileTestNGdemos.D10POMTestAutomation -->
