<?xml version="1.0" encoding="UTF-8"?>
<!-- Generated by org.testng.reporters.JUnitReportReporter -->
<testsuite hostname="DESKTOP-TNMV2Q3" failures="0" tests="1" name="com.StarAgileTestNGdemos.D111WritingToExcel" time="0.039" errors="0" timestamp="2024-10-22T20:16:19 IST" skipped="0">
  <testcase classname="com.StarAgileTestNGdemos.D111WritingToExcel" name="writeData" time="0.039"/>
  <system-out/>
</testsuite> <!-- com.StarAgileTestNGdemos.D111WritingToExcel -->
