<?xml version="1.0" encoding="UTF-8"?>
<!-- Generated by org.testng.reporters.JUnitReportReporter -->
<testsuite hostname="DESKTOP-TNMV2Q3" failures="0" tests="4" name="com.StarAgileTestNGdemos.D04Before_AfterMethod" time="12.236" errors="0" timestamp="2024-10-17T16:49:01 IST" skipped="0">
  <testcase classname="com.StarAgileTestNGdemos.D04Before_AfterMethod" name="Flipkart" time="4.050"/>
  <system-out/>
  <testcase classname="com.StarAgileTestNGdemos.D04Before_AfterMethod" name="Meesho" time="3.855"/>
  <system-out/>
  <testcase classname="com.StarAgileTestNGdemos.D04Before_AfterMethod" name="Zudio" time="1.731"/>
  <system-out/>
  <testcase classname="com.StarAgileTestNGdemos.D04Before_AfterMethod" name="Amazon" time="2.600"/>
  <system-out/>
</testsuite> <!-- com.StarAgileTestNGdemos.D04Before_AfterMethod -->
