<?xml version="1.0" encoding="UTF-8"?>
<!-- Generated by org.testng.reporters.JUnitReportReporter -->
<testsuite hostname="DESKTOP-TNMV2Q3" failures="0" tests="4" name="com.StarAgileTestNGdemos.D02MultipleTest" time="19.057" errors="0" timestamp="2024-10-16T00:23:12 IST" skipped="0">
  <testcase classname="com.StarAgileTestNGdemos.D02MultipleTest" name="Flipkart" time="5.978"/>
  <system-out/>
  <testcase classname="com.StarAgileTestNGdemos.D02MultipleTest" name="Meesho" time="4.063"/>
  <system-out/>
  <testcase classname="com.StarAgileTestNGdemos.D02MultipleTest" name="Zudio" time="4.140"/>
  <system-out/>
  <testcase classname="com.StarAgileTestNGdemos.D02MultipleTest" name="Amazon" time="4.876"/>
  <system-out/>
</testsuite> <!-- com.StarAgileTestNGdemos.D02MultipleTest -->
