<?xml version="1.0" encoding="UTF-8"?>
<!-- Generated by org.testng.reporters.JUnitReportReporter -->
<testsuite hostname="DESKTOP-TNMV2Q3" failures="0" tests="1" name="com.staragileAssignment.assignment2POMOrangeHRMClient" time="0.755" errors="0" timestamp="2024-08-26T20:40:52 IST" skipped="0">
  <testcase classname="com.staragileAssignment.assignment2POMOrangeHRMClient" name="g" time="0.755"/>
  <system-out/>
</testsuite> <!-- com.staragileAssignment.assignment2POMOrangeHRMClient -->
