<?xml version="1.0" encoding="UTF-8"?>
<!-- Generated by org.testng.reporters.JUnitReportReporter -->
<testsuite hostname="DESKTOP-TNMV2Q3" failures="0" tests="4" name="com.StarAgileTestNGdemos.D03Before_AfterTest" time="22.774" errors="0" timestamp="2024-10-16T11:30:14 IST" skipped="0">
  <testcase classname="com.StarAgileTestNGdemos.D03Before_AfterTest" name="Flipkart" time="7.535"/>
  <system-out/>
  <testcase classname="com.StarAgileTestNGdemos.D03Before_AfterTest" name="Meesho" time="4.373"/>
  <system-out/>
  <testcase classname="com.StarAgileTestNGdemos.D03Before_AfterTest" name="Zudio" time="2.917"/>
  <system-out/>
  <testcase classname="com.StarAgileTestNGdemos.D03Before_AfterTest" name="Amazon" time="7.949"/>
  <system-out/>
</testsuite> <!-- com.StarAgileTestNGdemos.D03Before_AfterTest -->
