<?xml version="1.0" encoding="UTF-8"?>
<!-- Generated by org.testng.reporters.JUnitReportReporter -->
<testsuite hostname="DESKTOP-TNMV2Q3" failures="0" tests="1" name="com.StarAgileTestNGdemos.D01FirstDemo" time="4.883" errors="0" timestamp="2024-10-16T00:03:36 IST" skipped="0">
  <testcase classname="com.StarAgileTestNGdemos.D01FirstDemo" name="Meesho" time="4.883"/>
  <system-out/>
</testsuite> <!-- com.StarAgileTestNGdemos.D01FirstDemo -->
