<?xml version="1.0" encoding="UTF-8"?>
<!-- Generated by org.testng.reporters.JUnitReportReporter -->
<testsuite hostname="DESKTOP-TNMV2Q3" failures="0" tests="2" name="com.StarAgileTestNGdemos.D133ReadDataFromEXCEL" time="0.044" errors="0" timestamp="2024-10-28T15:36:14 IST" skipped="1">
  <testcase classname="com.StarAgileTestNGdemos.D133ReadDataFromEXCEL" name="readAllData" time="0.044"/>
  <system-out/>
  <testcase classname="com.StarAgileTestNGdemos.D133ReadDataFromEXCEL" name="readData">
    <skipped/>
  </testcase> <!-- readData -->
  <system-out/>
</testsuite> <!-- com.StarAgileTestNGdemos.D133ReadDataFromEXCEL -->
