<?xml version="1.0" encoding="UTF-8"?>
<!-- Generated by org.testng.reporters.JUnitReportReporter -->
<testsuite hostname="DESKTOP-TNMV2Q3" failures="0" tests="1" name="com.staragileAssignment.assignment2POMOrangeHRMClient" time="2.816" errors="0" timestamp="2024-10-20T23:22:30 IST" skipped="0">
  <testcase classname="com.staragileAssignment.assignment2POMOrangeHRMClient" name="login" time="2.816"/>
  <system-out/>
</testsuite> <!-- com.staragileAssignment.assignment2POMOrangeHRMClient -->
