<?xml version="1.0" encoding="UTF-8"?>
<!-- Generated by org.testng.reporters.JUnitReportReporter -->
<testsuite hostname="DESKTOP-TNMV2Q3" failures="0" tests="4" name="com.StarAgileTestNGdemos.D14OhrmLoginFromData" time="20.634" errors="0" timestamp="2024-11-06T20:56:48 IST" skipped="0">
  <testcase classname="com.StarAgileTestNGdemos.D14OhrmLoginFromData" name="OHrmlogin" time="3.158"/>
  <system-out/>
  <testcase classname="com.StarAgileTestNGdemos.D14OhrmLoginFromData" name="OHrmlogin" time="9.564"/>
  <system-out/>
  <testcase classname="com.StarAgileTestNGdemos.D14OhrmLoginFromData" name="OHrmlogin" time="4.036"/>
  <system-out/>
  <testcase classname="com.StarAgileTestNGdemos.D14OhrmLoginFromData" name="OHrmlogin" time="3.876"/>
  <system-out/>
</testsuite> <!-- com.StarAgileTestNGdemos.D14OhrmLoginFromData -->
