<?xml version="1.0" encoding="UTF-8"?>
<!-- Generated by org.testng.reporters.JUnitReportReporter -->
<testsuite hostname="DESKTOP-TNMV2Q3" failures="0" tests="4" name="com.TestNGdemos.D12WriteDatatoExcelDataProvider" time="0.023" errors="0" timestamp="2024-08-30T15:46:15 IST" skipped="0">
  <testcase classname="com.TestNGdemos.D12WriteDatatoExcelDataProvider" name="createLoginData" time="0.004"/>
  <system-out/>
  <testcase classname="com.TestNGdemos.D12WriteDatatoExcelDataProvider" name="createLoginData" time="0.003"/>
  <system-out/>
  <testcase classname="com.TestNGdemos.D12WriteDatatoExcelDataProvider" name="createLoginData" time="0.003"/>
  <system-out/>
  <testcase classname="com.TestNGdemos.D12WriteDatatoExcelDataProvider" name="createLoginData" time="0.013"/>
  <system-out/>
</testsuite> <!-- com.TestNGdemos.D12WriteDatatoExcelDataProvider -->
