<?xml version="1.0" encoding="UTF-8"?>
<!-- Generated by org.testng.reporters.JUnitReportReporter -->
<testsuite hostname="DESKTOP-TNMV2Q3" failures="0" tests="5" name="com.StarAgileTestNGdemos.D122WriteDataToExcelDataProvider" time="0.063" errors="0" timestamp="2024-10-22T22:52:36 IST" skipped="0">
  <testcase classname="com.StarAgileTestNGdemos.D122WriteDataToExcelDataProvider" name="f" time="0.004"/>
  <system-out/>
  <testcase classname="com.StarAgileTestNGdemos.D122WriteDataToExcelDataProvider" name="f" time="0.006"/>
  <system-out/>
  <testcase classname="com.StarAgileTestNGdemos.D122WriteDataToExcelDataProvider" name="f" time="0.004"/>
  <system-out/>
  <testcase classname="com.StarAgileTestNGdemos.D122WriteDataToExcelDataProvider" name="f" time="0.045"/>
  <system-out/>
  <testcase classname="com.StarAgileTestNGdemos.D122WriteDataToExcelDataProvider" name="f" time="0.004"/>
  <system-out/>
</testsuite> <!-- com.StarAgileTestNGdemos.D122WriteDataToExcelDataProvider -->
