<?xml version="1.0" encoding="UTF-8"?>
<!-- Generated by org.testng.reporters.JUnitReportReporter -->
<testsuite hostname="DESKTOP-TNMV2Q3" failures="0" tests="1" name="com.TestNGdemos.D11WritingToExcel" time="0.097" errors="0" timestamp="2024-08-30T08:38:46 IST" skipped="0">
  <testcase classname="com.TestNGdemos.D11WritingToExcel" name="writeData" time="0.097"/>
  <system-out/>
</testsuite> <!-- com.TestNGdemos.D11WritingToExcel -->
